<?xml version="1.0" encoding="UTF-8"?>
<!-- Generated by org.testng.reporters.JUnitXMLReporter -->
<testsuite ignored="0" hostname="RakhiRahul" failures="0" tests="1" name="Chrome Test" time="0.182" errors="0" timestamp="2023-10-17T13:11:46 IST">
  <testcase classname="crossbroserpackage.Crossbrowserclass" name="@BeforeTest luanchapp" time="0.102">
    <failure type="java.lang.IllegalStateException" message="The driver executable must exist: C:\Users\rakhi\Desktop\Automation\chromedriver-win64\chromedriver-win64\chromedriver.exe">
      <![CDATA[java.lang.IllegalStateException: The driver executable must exist: C:\Users\rakhi\Desktop\Automation\chromedriver-win64\chromedriver-win64\chromedriver.exe
at org.openqa.selenium.internal.Require$FileStateChecker.isFile(Require.java:345)
at org.openqa.selenium.remote.service.DriverFinder.getPath(DriverFinder.java:39)
at org.openqa.selenium.chrome.ChromeDriver.generateExecutor(ChromeDriver.java:98)
at org.openqa.selenium.chrome.ChromeDriver.<init>(ChromeDriver.java:88)
at org.openqa.selenium.chrome.ChromeDriver.<init>(ChromeDriver.java:84)
at org.openqa.selenium.chrome.ChromeDriver.<init>(ChromeDriver.java:52)
at crossbroserpackage.Crossbrowserclass.luanchapp(Crossbrowserclass.java:26)
at java.base/java.util.concurrent.FutureTask.run(FutureTask.java:264)
at java.base/java.util.concurrent.ThreadPoolExecutor.runWorker(ThreadPoolExecutor.java:1136)
at java.base/java.util.concurrent.ThreadPoolExecutor$Worker.run(ThreadPoolExecutor.java:635)
at java.base/java.lang.Thread.run(Thread.java:833)
... Removed 14 stack frames]]>
    </failure>
  </testcase> <!-- @BeforeTest luanchapp -->
  <testcase classname="crossbroserpackage.Crossbrowserclass" name="@AfterTest aftertest" time="0.0">
    <skipped/>
  </testcase> <!-- @AfterTest aftertest -->
  <testcase classname="crossbroserpackage.Crossbrowserclass" name="test" time="0.0">
    <skipped/>
  </testcase> <!-- test -->
</testsuite> <!-- Chrome Test -->
